2025-09-07 16:13:50 | INFO | Processed JSON message: {'timestamp': '2025-09-07T21:13:50.790103', 'temperature': 96.0}
2025-09-07 16:13:50 | INFO | Rolling window size: 10
2025-09-07 16:13:50 | INFO | Max stall temperature range: 0.2 F
2025-09-07 16:13:51 | INFO | Sent message to topic 'buzzline_json': {'message': 'I love Python!', 'author': 'Eve'}
2025-09-07 16:13:51 | INFO | Processed JSON message: {'message': 'I love Python!', 'author': 'Eve'}
2025-09-07 16:13:51 | INFO | Message received from author: Eve
2025-09-07 16:13:51 | INFO | Updated author counts: {'Eve': 61, 'Alice': 92, 'Charlie': 54, 'Diana': 102, 'Bob': 65}
2025-09-07 16:13:52 | INFO | Sent message to topic 'buzzline_json': {'message': 'JSON makes life easier.', 'author': 'Charlie'}
2025-09-07 16:13:52 | INFO | Processed JSON message: {'message': 'JSON makes life easier.', 'author': 'Charlie'}
2025-09-07 16:13:52 | INFO | Message received from author: Charlie
2025-09-07 16:13:52 | INFO | Updated author counts: {'Eve': 61, 'Alice': 92, 'Charlie': 55, 'Diana': 102, 'Bob': 65}
2025-09-07 16:13:53 | INFO | Sent message to topic 'buzzline_json': {'message': 'I love Python!', 'author': 'Charlie'}
2025-09-07 16:13:53 | INFO | Processed JSON message: {'message': 'I love Python!', 'author': 'Charlie'}
2025-09-07 16:13:53 | INFO | Message received from author: Charlie
2025-09-07 16:13:53 | INFO | Updated author counts: {'Eve': 61, 'Alice': 92, 'Charlie': 56, 'Diana': 102, 'Bob': 65}
2025-09-07 16:13:54 | INFO | Sent message to topic 'buzzline_json': {'message': 'I love Python!', 'author': 'Charlie'}
2025-09-07 16:13:54 | INFO | Processed JSON message: {'message': 'I love Python!', 'author': 'Charlie'}
2025-09-07 16:13:54 | INFO | Message received from author: Charlie
2025-09-07 16:13:54 | INFO | Updated author counts: {'Eve': 61, 'Alice': 92, 'Charlie': 57, 'Diana': 102, 'Bob': 65}
2025-09-07 16:13:55 | INFO | Sent message to topic 'buzzline_json': {'message': 'I love Python!', 'author': 'Diana'}
2025-09-07 16:13:55 | INFO | Processed JSON message: {'message': 'I love Python!', 'author': 'Diana'}
2025-09-07 16:13:55 | INFO | Message received from author: Diana
2025-09-07 16:13:55 | INFO | Updated author counts: {'Eve': 61, 'Alice': 92, 'Charlie': 57, 'Diana': 103, 'Bob': 65}
2025-09-07 16:13:55 | INFO | Sent message to topic 'smoker_csv': {'timestamp': '2025-09-07T21:13:55.791252', 'temperature': 96.4}
2025-09-07 16:13:55 | INFO | Processed JSON message: {'timestamp': '2025-09-07T21:13:55.791252', 'temperature': 96.4}
2025-09-07 16:13:55 | INFO | Rolling window size: 10
2025-09-07 16:13:55 | INFO | Max stall temperature range: 0.2 F
2025-09-07 16:13:56 | INFO | Sent message to topic 'buzzline_json': {'message': 'Streaming data is fun.', 'author': 'Diana'}
2025-09-07 16:13:56 | INFO | Processed JSON message: {'message': 'Streaming data is fun.', 'author': 'Diana'}
2025-09-07 16:13:56 | INFO | Message received from author: Diana
2025-09-07 16:13:56 | INFO | Updated author counts: {'Eve': 61, 'Alice': 92, 'Charlie': 57, 'Diana': 104, 'Bob': 65}
2025-09-07 16:13:57 | INFO | Sent message to topic 'buzzline_json': {'message': 'Data engineering is my passion.', 'author': 'Eve'}
2025-09-07 16:13:57 | INFO | Processed JSON message: {'message': 'Data engineering is my passion.', 'author': 'Eve'}
2025-09-07 16:13:57 | INFO | Message received from author: Eve
2025-09-07 16:13:57 | INFO | Updated author counts: {'Eve': 62, 'Alice': 92, 'Charlie': 57, 'Diana': 104, 'Bob': 65}
2025-09-07 16:13:58 | INFO | Sent message to topic 'buzzline_json': {'message': 'Buzz messages for everyone.', 'author': 'Eve'}
2025-09-07 16:13:58 | INFO | Processed JSON message: {'message': 'Buzz messages for everyone.', 'author': 'Eve'}
2025-09-07 16:13:58 | INFO | Message received from author: Eve
2025-09-07 16:13:58 | INFO | Updated author counts: {'Eve': 63, 'Alice': 92, 'Charlie': 57, 'Diana': 104, 'Bob': 65}
2025-09-07 16:13:59 | INFO | Sent message to topic 'buzzline_json': {'message': 'JSON makes life easier.', 'author': 'Eve'}
2025-09-07 16:13:59 | INFO | Processed JSON message: {'message': 'JSON makes life easier.', 'author': 'Eve'}
2025-09-07 16:13:59 | INFO | Message received from author: Eve
2025-09-07 16:13:59 | INFO | Updated author counts: {'Eve': 64, 'Alice': 92, 'Charlie': 57, 'Diana': 104, 'Bob': 65}
2025-09-07 16:14:00 | INFO | Sent message to topic 'buzzline_json': {'message': 'Have a great day!', 'author': 'Alice'}
2025-09-07 16:14:00 | INFO | Processed JSON message: {'message': 'Have a great day!', 'author': 'Alice'}
2025-09-07 16:14:00 | INFO | Message received from author: Alice
2025-09-07 16:14:00 | INFO | Updated author counts: {'Eve': 64, 'Alice': 93, 'Charlie': 57, 'Diana': 104, 'Bob': 65}
2025-09-07 16:14:00 | INFO | Sent message to topic 'smoker_csv': {'timestamp': '2025-09-07T21:14:00.792513', 'temperature': 96.8}
2025-09-07 16:14:00 | INFO | Processed JSON message: {'timestamp': '2025-09-07T21:14:00.792513', 'temperature': 96.8}
2025-09-07 16:14:00 | INFO | Rolling window size: 10
2025-09-07 16:14:00 | INFO | Max stall temperature range: 0.2 F
2025-09-07 16:14:01 | INFO | Sent message to topic 'buzzline_json': {'message': 'I love Python!', 'author': 'Bob'}
2025-09-07 16:14:01 | INFO | Processed JSON message: {'message': 'I love Python!', 'author': 'Bob'}
2025-09-07 16:14:01 | INFO | Message received from author: Bob
2025-09-07 16:14:01 | INFO | Updated author counts: {'Eve': 64, 'Alice': 93, 'Charlie': 57, 'Diana': 104, 'Bob': 66}
2025-09-07 16:14:02 | INFO | Sent message to topic 'buzzline_json': {'message': 'I love Python!', 'author': 'Bob'}
2025-09-07 16:14:02 | INFO | Processed JSON message: {'message': 'I love Python!', 'author': 'Bob'}
2025-09-07 16:14:02 | INFO | Message received from author: Bob
2025-09-07 16:14:02 | INFO | Updated author counts: {'Eve': 64, 'Alice': 93, 'Charlie': 57, 'Diana': 104, 'Bob': 67}
2025-09-07 16:14:03 | INFO | Sent message to topic 'buzzline_json': {'message': 'This is a buzz message.', 'author': 'Eve'}
2025-09-07 16:14:03 | INFO | Processed JSON message: {'message': 'This is a buzz message.', 'author': 'Eve'}
2025-09-07 16:14:03 | INFO | Message received from author: Eve
2025-09-07 16:14:03 | INFO | Updated author counts: {'Eve': 65, 'Alice': 93, 'Charlie': 57, 'Diana': 104, 'Bob': 67}
2025-09-07 16:14:04 | INFO | Sent message to topic 'buzzline_json': {'message': 'This is a buzz message.', 'author': 'Alice'}
2025-09-07 16:14:04 | INFO | Processed JSON message: {'message': 'This is a buzz message.', 'author': 'Alice'}
2025-09-07 16:14:04 | INFO | Message received from author: Alice
2025-09-07 16:14:04 | INFO | Updated author counts: {'Eve': 65, 'Alice': 94, 'Charlie': 57, 'Diana': 104, 'Bob': 67}
2025-09-07 16:14:05 | INFO | Sent message to topic 'buzzline_json': {'message': 'Distributed systems are fascinating.', 'author': 'Diana'}
2025-09-07 16:14:05 | INFO | Processed JSON message: {'message': 'Distributed systems are fascinating.', 'author': 'Diana'}
2025-09-07 16:14:05 | INFO | Message received from author: Diana
2025-09-07 16:14:05 | INFO | Updated author counts: {'Eve': 65, 'Alice': 94, 'Charlie': 57, 'Diana': 105, 'Bob': 67}
2025-09-07 16:14:05 | INFO | Sent message to topic 'smoker_csv': {'timestamp': '2025-09-07T21:14:05.793642', 'temperature': 97.2}
2025-09-07 16:14:05 | INFO | Processed JSON message: {'timestamp': '2025-09-07T21:14:05.793642', 'temperature': 97.2}
2025-09-07 16:14:05 | INFO | Rolling window size: 10
2025-09-07 16:14:05 | INFO | Max stall temperature range: 0.2 F
2025-09-07 16:14:06 | INFO | Sent message to topic 'buzzline_json': {'message': 'Streaming data is fun.', 'author': 'Eve'}
2025-09-07 16:14:06 | INFO | Processed JSON message: {'message': 'Streaming data is fun.', 'author': 'Eve'}
2025-09-07 16:14:06 | INFO | Message received from author: Eve
2025-09-07 16:14:06 | INFO | Updated author counts: {'Eve': 66, 'Alice': 94, 'Charlie': 57, 'Diana': 105, 'Bob': 67}
2025-09-07 16:14:07 | INFO | Sent message to topic 'buzzline_json': {'message': 'Have a great day!', 'author': 'Charlie'}
2025-09-07 16:14:07 | INFO | Processed JSON message: {'message': 'Have a great day!', 'author': 'Charlie'}
2025-09-07 16:14:07 | INFO | Message received from author: Charlie
2025-09-07 16:14:07 | INFO | Updated author counts: {'Eve': 66, 'Alice': 94, 'Charlie': 58, 'Diana': 105, 'Bob': 67}
2025-09-07 16:14:08 | INFO | Sent message to topic 'buzzline_json': {'message': 'JSON makes life easier.', 'author': 'Eve'}
2025-09-07 16:14:08 | INFO | Processed JSON message: {'message': 'JSON makes life easier.', 'author': 'Eve'}
2025-09-07 16:14:08 | INFO | Message received from author: Eve
2025-09-07 16:14:08 | INFO | Updated author counts: {'Eve': 67, 'Alice': 94, 'Charlie': 58, 'Diana': 105, 'Bob': 67}
2025-09-07 16:14:09 | INFO | Sent message to topic 'buzzline_json': {'message': 'Buzz messages for everyone.', 'author': 'Diana'}
2025-09-07 16:14:09 | INFO | Processed JSON message: {'message': 'Buzz messages for everyone.', 'author': 'Diana'}
2025-09-07 16:14:09 | INFO | Message received from author: Diana
2025-09-07 16:14:09 | INFO | Updated author counts: {'Eve': 67, 'Alice': 94, 'Charlie': 58, 'Diana': 106, 'Bob': 67}
2025-09-07 16:14:10 | INFO | Sent message to topic 'buzzline_json': {'message': 'This is a buzz message.', 'author': 'Charlie'}
2025-09-07 16:14:10 | INFO | Processed JSON message: {'message': 'This is a buzz message.', 'author': 'Charlie'}
2025-09-07 16:14:10 | INFO | Message received from author: Charlie
2025-09-07 16:14:10 | INFO | Updated author counts: {'Eve': 67, 'Alice': 94, 'Charlie': 59, 'Diana': 106, 'Bob': 67}
2025-09-07 16:14:10 | INFO | Sent message to topic 'smoker_csv': {'timestamp': '2025-09-07T21:14:10.794899', 'temperature': 97.6}
2025-09-07 16:14:10 | INFO | Processed JSON message: {'timestamp': '2025-09-07T21:14:10.794899', 'temperature': 97.6}
2025-09-07 16:14:10 | INFO | Rolling window size: 10
2025-09-07 16:14:10 | INFO | Max stall temperature range: 0.2 F
2025-09-07 16:14:11 | INFO | Sent message to topic 'buzzline_json': {'message': 'Distributed systems are fascinating.', 'author': 'Charlie'}
2025-09-07 16:14:11 | INFO | Processed JSON message: {'message': 'Distributed systems are fascinating.', 'author': 'Charlie'}
2025-09-07 16:14:11 | INFO | Message received from author: Charlie
2025-09-07 16:14:11 | INFO | Updated author counts: {'Eve': 67, 'Alice': 94, 'Charlie': 60, 'Diana': 106, 'Bob': 67}
2025-09-07 16:14:12 | INFO | Sent message to topic 'buzzline_json': {'message': 'Buzz messages for everyone.', 'author': 'Bob'}
2025-09-07 16:14:12 | INFO | Processed JSON message: {'message': 'Buzz messages for everyone.', 'author': 'Bob'}
2025-09-07 16:14:12 | INFO | Message received from author: Bob
2025-09-07 16:14:12 | INFO | Updated author counts: {'Eve': 67, 'Alice': 94, 'Charlie': 60, 'Diana': 106, 'Bob': 68}
2025-09-07 16:14:13 | INFO | Sent message to topic 'buzzline_json': {'message': 'This is a buzz message.', 'author': 'Eve'}
2025-09-07 16:14:13 | INFO | Processed JSON message: {'message': 'This is a buzz message.', 'author': 'Eve'}
2025-09-07 16:14:13 | INFO | Message received from author: Eve
2025-09-07 16:14:13 | INFO | Updated author counts: {'Eve': 68, 'Alice': 94, 'Charlie': 60, 'Diana': 106, 'Bob': 68}
2025-09-07 16:14:14 | INFO | Sent message to topic 'buzzline_json': {'message': 'Data engineering is my passion.', 'author': 'Diana'}
2025-09-07 16:14:14 | INFO | Processed JSON message: {'message': 'Data engineering is my passion.', 'author': 'Diana'}
2025-09-07 16:14:14 | INFO | Message received from author: Diana
2025-09-07 16:14:14 | INFO | Updated author counts: {'Eve': 68, 'Alice': 94, 'Charlie': 60, 'Diana': 107, 'Bob': 68}
2025-09-07 16:14:15 | INFO | Sent message to topic 'buzzline_json': {'message': 'Data engineering is my passion.', 'author': 'Alice'}
2025-09-07 16:14:15 | INFO | Processed JSON message: {'message': 'Data engineering is my passion.', 'author': 'Alice'}
2025-09-07 16:14:15 | INFO | Message received from author: Alice
2025-09-07 16:14:15 | INFO | Updated author counts: {'Eve': 68, 'Alice': 95, 'Charlie': 60, 'Diana': 107, 'Bob': 68}
2025-09-07 16:14:15 | INFO | Sent message to topic 'smoker_csv': {'timestamp': '2025-09-07T21:14:15.796147', 'temperature': 98.0}
2025-09-07 16:14:15 | INFO | Processed JSON message: {'timestamp': '2025-09-07T21:14:15.796147', 'temperature': 98.0}
2025-09-07 16:14:15 | INFO | Rolling window size: 10
2025-09-07 16:14:15 | INFO | Max stall temperature range: 0.2 F
2025-09-07 16:14:16 | INFO | Sent message to topic 'buzzline_json': {'message': 'Buzz messages for everyone.', 'author': 'Diana'}
2025-09-07 16:14:16 | INFO | Processed JSON message: {'message': 'Buzz messages for everyone.', 'author': 'Diana'}
2025-09-07 16:14:16 | INFO | Message received from author: Diana
2025-09-07 16:14:16 | INFO | Updated author counts: {'Eve': 68, 'Alice': 95, 'Charlie': 60, 'Diana': 108, 'Bob': 68}
2025-09-07 16:14:17 | INFO | Sent message to topic 'buzzline_json': {'message': 'JSON makes life easier.', 'author': 'Alice'}
2025-09-07 16:14:17 | INFO | Processed JSON message: {'message': 'JSON makes life easier.', 'author': 'Alice'}
2025-09-07 16:14:17 | INFO | Message received from author: Alice
2025-09-07 16:14:17 | INFO | Updated author counts: {'Eve': 68, 'Alice': 96, 'Charlie': 60, 'Diana': 108, 'Bob': 68}
2025-09-07 16:14:18 | INFO | Opening data file in read mode: PROJECT_ROOT/data/buzz.json
2025-09-07 16:14:18 | INFO | Reading data from file: PROJECT_ROOT/data/buzz.json
2025-09-07 16:14:18 | INFO | Sent message to topic 'buzzline_json': {'message': 'Data engineering is my passion.', 'author': 'Eve'}
2025-09-07 16:14:18 | INFO | Processed JSON message: {'message': 'Data engineering is my passion.', 'author': 'Eve'}
2025-09-07 16:14:18 | INFO | Message received from author: Eve
2025-09-07 16:14:18 | INFO | Updated author counts: {'Eve': 69, 'Alice': 96, 'Charlie': 60, 'Diana': 108, 'Bob': 68}
2025-09-07 16:14:19 | INFO | Sent message to topic 'buzzline_json': {'message': 'Distributed systems are fascinating.', 'author': 'Alice'}
2025-09-07 16:14:19 | INFO | Processed JSON message: {'message': 'Distributed systems are fascinating.', 'author': 'Alice'}
2025-09-07 16:14:19 | INFO | Message received from author: Alice
2025-09-07 16:14:19 | INFO | Updated author counts: {'Eve': 69, 'Alice': 97, 'Charlie': 60, 'Diana': 108, 'Bob': 68}
2025-09-07 16:14:20 | INFO | Sent message to topic 'buzzline_json': {'message': 'Have a great day!', 'author': 'Charlie'}
2025-09-07 16:14:20 | INFO | Processed JSON message: {'message': 'Have a great day!', 'author': 'Charlie'}
2025-09-07 16:14:20 | INFO | Message received from author: Charlie
2025-09-07 16:14:20 | INFO | Updated author counts: {'Eve': 69, 'Alice': 97, 'Charlie': 61, 'Diana': 108, 'Bob': 68}
2025-09-07 16:14:20 | INFO | Sent message to topic 'smoker_csv': {'timestamp': '2025-09-07T21:14:20.797006', 'temperature': 98.4}
2025-09-07 16:14:20 | INFO | Processed JSON message: {'timestamp': '2025-09-07T21:14:20.797006', 'temperature': 98.4}
2025-09-07 16:14:20 | INFO | Rolling window size: 10
2025-09-07 16:14:20 | INFO | Max stall temperature range: 0.2 F
2025-09-07 16:14:21 | INFO | Sent message to topic 'buzzline_json': {'message': 'Data engineering is my passion.', 'author': 'Alice'}
2025-09-07 16:14:21 | INFO | Processed JSON message: {'message': 'Data engineering is my passion.', 'author': 'Alice'}
2025-09-07 16:14:21 | INFO | Message received from author: Alice
2025-09-07 16:14:21 | INFO | Updated author counts: {'Eve': 69, 'Alice': 98, 'Charlie': 61, 'Diana': 108, 'Bob': 68}
2025-09-07 16:14:22 | INFO | Sent message to topic 'buzzline_json': {'message': 'Distributed systems are fascinating.', 'author': 'Diana'}
2025-09-07 16:14:22 | INFO | Processed JSON message: {'message': 'Distributed systems are fascinating.', 'author': 'Diana'}
2025-09-07 16:14:22 | INFO | Message received from author: Diana
2025-09-07 16:14:22 | INFO | Updated author counts: {'Eve': 69, 'Alice': 98, 'Charlie': 61, 'Diana': 109, 'Bob': 68}
2025-09-07 16:14:23 | INFO | Sent message to topic 'buzzline_json': {'message': 'Buzz messages for everyone.', 'author': 'Alice'}
2025-09-07 16:14:23 | INFO | Processed JSON message: {'message': 'Buzz messages for everyone.', 'author': 'Alice'}
2025-09-07 16:14:23 | INFO | Message received from author: Alice
2025-09-07 16:14:23 | INFO | Updated author counts: {'Eve': 69, 'Alice': 99, 'Charlie': 61, 'Diana': 109, 'Bob': 68}
2025-09-07 16:14:24 | INFO | Sent message to topic 'buzzline_json': {'message': 'Hello, Kafka world!', 'author': 'Diana'}
2025-09-07 16:14:24 | INFO | Processed JSON message: {'message': 'Hello, Kafka world!', 'author': 'Diana'}
2025-09-07 16:14:24 | INFO | Message received from author: Diana
2025-09-07 16:14:24 | INFO | Updated author counts: {'Eve': 69, 'Alice': 99, 'Charlie': 61, 'Diana': 110, 'Bob': 68}
2025-09-07 16:14:25 | INFO | Sent message to topic 'buzzline_json': {'message': 'This is a buzz message.', 'author': 'Eve'}
2025-09-07 16:14:25 | INFO | Processed JSON message: {'message': 'This is a buzz message.', 'author': 'Eve'}
2025-09-07 16:14:25 | INFO | Message received from author: Eve
2025-09-07 16:14:25 | INFO | Updated author counts: {'Eve': 70, 'Alice': 99, 'Charlie': 61, 'Diana': 110, 'Bob': 68}
2025-09-07 16:14:25 | INFO | Sent message to topic 'smoker_csv': {'timestamp': '2025-09-07T21:14:25.798145', 'temperature': 98.8}
2025-09-07 16:14:25 | INFO | Processed JSON message: {'timestamp': '2025-09-07T21:14:25.798145', 'temperature': 98.8}
2025-09-07 16:14:25 | INFO | Rolling window size: 10
2025-09-07 16:14:25 | INFO | Max stall temperature range: 0.2 F
2025-09-07 16:14:26 | INFO | Sent message to topic 'buzzline_json': {'message': 'JSON makes life easier.', 'author': 'Eve'}
2025-09-07 16:14:26 | INFO | Processed JSON message: {'message': 'JSON makes life easier.', 'author': 'Eve'}
2025-09-07 16:14:26 | INFO | Message received from author: Eve
2025-09-07 16:14:26 | INFO | Updated author counts: {'Eve': 71, 'Alice': 99, 'Charlie': 61, 'Diana': 110, 'Bob': 68}
2025-09-07 16:14:27 | INFO | Sent message to topic 'buzzline_json': {'message': 'JSON makes life easier.', 'author': 'Alice'}
2025-09-07 16:14:27 | INFO | Processed JSON message: {'message': 'JSON makes life easier.', 'author': 'Alice'}
2025-09-07 16:14:27 | INFO | Message received from author: Alice
2025-09-07 16:14:27 | INFO | Updated author counts: {'Eve': 71, 'Alice': 100, 'Charlie': 61, 'Diana': 110, 'Bob': 68}
2025-09-07 16:14:28 | INFO | Sent message to topic 'buzzline_json': {'message': 'Data engineering is my passion.', 'author': 'Diana'}
2025-09-07 16:14:28 | INFO | Processed JSON message: {'message': 'Data engineering is my passion.', 'author': 'Diana'}
2025-09-07 16:14:28 | INFO | Message received from author: Diana
2025-09-07 16:14:28 | INFO | Updated author counts: {'Eve': 71, 'Alice': 100, 'Charlie': 61, 'Diana': 111, 'Bob': 68}
2025-09-07 16:14:29 | INFO | Sent message to topic 'buzzline_json': {'message': 'JSON makes life easier.', 'author': 'Diana'}
2025-09-07 16:14:29 | INFO | Processed JSON message: {'message': 'JSON makes life easier.', 'author': 'Diana'}
2025-09-07 16:14:29 | INFO | Message received from author: Diana
2025-09-07 16:14:29 | INFO | Updated author counts: {'Eve': 71, 'Alice': 100, 'Charlie': 61, 'Diana': 112, 'Bob': 68}
2025-09-07 16:14:30 | INFO | Sent message to topic 'buzzline_json': {'message': 'Kafka is awesome.', 'author': 'Charlie'}
2025-09-07 16:14:30 | INFO | Processed JSON message: {'message': 'Kafka is awesome.', 'author': 'Charlie'}
2025-09-07 16:14:30 | INFO | Message received from author: Charlie
2025-09-07 16:14:30 | INFO | Updated author counts: {'Eve': 71, 'Alice': 100, 'Charlie': 62, 'Diana': 112, 'Bob': 68}
2025-09-07 16:14:30 | INFO | Sent message to topic 'smoker_csv': {'timestamp': '2025-09-07T21:14:30.799084', 'temperature': 99.2}
2025-09-07 16:14:30 | INFO | Processed JSON message: {'timestamp': '2025-09-07T21:14:30.799084', 'temperature': 99.2}
2025-09-07 16:14:30 | INFO | Rolling window size: 10
2025-09-07 16:14:30 | INFO | Max stall temperature range: 0.2 F
2025-09-07 16:14:31 | INFO | Sent message to topic 'buzzline_json': {'message': 'JSON makes life easier.', 'author': 'Bob'}
2025-09-07 16:14:31 | INFO | Processed JSON message: {'message': 'JSON makes life easier.', 'author': 'Bob'}
2025-09-07 16:14:31 | INFO | Message received from author: Bob
2025-09-07 16:14:31 | INFO | Updated author counts: {'Eve': 71, 'Alice': 100, 'Charlie': 62, 'Diana': 112, 'Bob': 69}
2025-09-07 16:14:32 | INFO | Sent message to topic 'buzzline_json': {'message': 'I love Python!', 'author': 'Bob'}
2025-09-07 16:14:32 | INFO | Processed JSON message: {'message': 'I love Python!', 'author': 'Bob'}
2025-09-07 16:14:32 | INFO | Message received from author: Bob
2025-09-07 16:14:32 | INFO | Updated author counts: {'Eve': 71, 'Alice': 100, 'Charlie': 62, 'Diana': 112, 'Bob': 70}
2025-09-07 16:14:33 | INFO | Sent message to topic 'buzzline_json': {'message': 'This is a buzz message.', 'author': 'Eve'}
2025-09-07 16:14:33 | INFO | Processed JSON message: {'message': 'This is a buzz message.', 'author': 'Eve'}
2025-09-07 16:14:33 | INFO | Message received from author: Eve
2025-09-07 16:14:33 | INFO | Updated author counts: {'Eve': 72, 'Alice': 100, 'Charlie': 62, 'Diana': 112, 'Bob': 70}
2025-09-07 16:14:34 | INFO | Sent message to topic 'buzzline_json': {'message': 'I love Python!', 'author': 'Eve'}
2025-09-07 16:14:34 | INFO | Processed JSON message: {'message': 'I love Python!', 'author': 'Eve'}
2025-09-07 16:14:34 | INFO | Message received from author: Eve
2025-09-07 16:14:34 | INFO | Updated author counts: {'Eve': 73, 'Alice': 100, 'Charlie': 62, 'Diana': 112, 'Bob': 70}
2025-09-07 16:14:35 | INFO | Sent message to topic 'buzzline_json': {'message': 'Buzz messages for everyone.', 'author': 'Alice'}
2025-09-07 16:14:35 | INFO | Processed JSON message: {'message': 'Buzz messages for everyone.', 'author': 'Alice'}
2025-09-07 16:14:35 | INFO | Message received from author: Alice
2025-09-07 16:14:35 | INFO | Updated author counts: {'Eve': 73, 'Alice': 101, 'Charlie': 62, 'Diana': 112, 'Bob': 70}
2025-09-07 16:14:35 | INFO | Sent message to topic 'smoker_csv': {'timestamp': '2025-09-07T21:14:35.800171', 'temperature': 99.6}
2025-09-07 16:14:35 | INFO | Processed JSON message: {'timestamp': '2025-09-07T21:14:35.800171', 'temperature': 99.6}
2025-09-07 16:14:35 | INFO | Rolling window size: 10
2025-09-07 16:14:35 | INFO | Max stall temperature range: 0.2 F
2025-09-07 16:14:36 | INFO | Sent message to topic 'buzzline_json': {'message': 'This is a buzz message.', 'author': 'Alice'}
2025-09-07 16:14:36 | INFO | Processed JSON message: {'message': 'This is a buzz message.', 'author': 'Alice'}
2025-09-07 16:14:36 | INFO | Message received from author: Alice
2025-09-07 16:14:36 | INFO | Updated author counts: {'Eve': 73, 'Alice': 102, 'Charlie': 62, 'Diana': 112, 'Bob': 70}
2025-09-07 16:14:37 | INFO | Sent message to topic 'buzzline_json': {'message': 'Data engineering is my passion.', 'author': 'Diana'}
2025-09-07 16:14:37 | INFO | Processed JSON message: {'message': 'Data engineering is my passion.', 'author': 'Diana'}
2025-09-07 16:14:37 | INFO | Message received from author: Diana
2025-09-07 16:14:37 | INFO | Updated author counts: {'Eve': 73, 'Alice': 102, 'Charlie': 62, 'Diana': 113, 'Bob': 70}
2025-09-07 16:14:38 | INFO | Sent message to topic 'buzzline_json': {'message': 'I love Python!', 'author': 'Eve'}
2025-09-07 16:14:38 | INFO | Processed JSON message: {'message': 'I love Python!', 'author': 'Eve'}
2025-09-07 16:14:38 | INFO | Message received from author: Eve
2025-09-07 16:14:38 | INFO | Updated author counts: {'Eve': 74, 'Alice': 102, 'Charlie': 62, 'Diana': 113, 'Bob': 70}
2025-09-07 16:14:39 | INFO | Sent message to topic 'buzzline_json': {'message': 'JSON makes life easier.', 'author': 'Charlie'}
2025-09-07 16:14:39 | INFO | Processed JSON message: {'message': 'JSON makes life easier.', 'author': 'Charlie'}
2025-09-07 16:14:39 | INFO | Message received from author: Charlie
2025-09-07 16:14:39 | INFO | Updated author counts: {'Eve': 74, 'Alice': 102, 'Charlie': 63, 'Diana': 113, 'Bob': 70}
2025-09-07 16:14:40 | INFO | Sent message to topic 'buzzline_json': {'message': 'Have a great day!', 'author': 'Bob'}
2025-09-07 16:14:40 | INFO | Processed JSON message: {'message': 'Have a great day!', 'author': 'Bob'}
2025-09-07 16:14:40 | INFO | Message received from author: Bob
2025-09-07 16:14:40 | INFO | Updated author counts: {'Eve': 74, 'Alice': 102, 'Charlie': 63, 'Diana': 113, 'Bob': 71}
2025-09-07 16:14:40 | INFO | Sent message to topic 'smoker_csv': {'timestamp': '2025-09-07T21:14:40.801559', 'temperature': 100.0}
2025-09-07 16:14:40 | INFO | Processed JSON message: {'timestamp': '2025-09-07T21:14:40.801559', 'temperature': 100.0}
2025-09-07 16:14:40 | INFO | Rolling window size: 10
2025-09-07 16:14:40 | INFO | Max stall temperature range: 0.2 F
2025-09-07 16:14:41 | INFO | Sent message to topic 'buzzline_json': {'message': 'Data engineering is my passion.', 'author': 'Alice'}
2025-09-07 16:14:41 | INFO | Processed JSON message: {'message': 'Data engineering is my passion.', 'author': 'Alice'}
2025-09-07 16:14:41 | INFO | Message received from author: Alice
2025-09-07 16:14:41 | INFO | Updated author counts: {'Eve': 74, 'Alice': 103, 'Charlie': 63, 'Diana': 113, 'Bob': 71}
2025-09-07 16:14:42 | INFO | Sent message to topic 'buzzline_json': {'message': 'Kafka is awesome.', 'author': 'Diana'}
2025-09-07 16:14:42 | INFO | Processed JSON message: {'message': 'Kafka is awesome.', 'author': 'Diana'}
2025-09-07 16:14:42 | INFO | Message received from author: Diana
2025-09-07 16:14:42 | INFO | Updated author counts: {'Eve': 74, 'Alice': 103, 'Charlie': 63, 'Diana': 114, 'Bob': 71}
2025-09-07 16:14:43 | INFO | Sent message to topic 'buzzline_json': {'message': 'Kafka is awesome.', 'author': 'Diana'}
2025-09-07 16:14:43 | INFO | Processed JSON message: {'message': 'Kafka is awesome.', 'author': 'Diana'}
2025-09-07 16:14:43 | INFO | Message received from author: Diana
2025-09-07 16:14:43 | INFO | Updated author counts: {'Eve': 74, 'Alice': 103, 'Charlie': 63, 'Diana': 115, 'Bob': 71}
2025-09-07 16:14:44 | INFO | Sent message to topic 'buzzline_json': {'message': 'Hello, Kafka world!', 'author': 'Bob'}
2025-09-07 16:14:44 | INFO | Processed JSON message: {'message': 'Hello, Kafka world!', 'author': 'Bob'}
2025-09-07 16:14:44 | INFO | Message received from author: Bob
2025-09-07 16:14:44 | INFO | Updated author counts: {'Eve': 74, 'Alice': 103, 'Charlie': 63, 'Diana': 115, 'Bob': 72}
2025-09-07 16:14:45 | INFO | Sent message to topic 'buzzline_json': {'message': 'Distributed systems are fascinating.', 'author': 'Diana'}
2025-09-07 16:14:45 | INFO | Processed JSON message: {'message': 'Distributed systems are fascinating.', 'author': 'Diana'}
2025-09-07 16:14:45 | INFO | Message received from author: Diana
2025-09-07 16:14:45 | INFO | Updated author counts: {'Eve': 74, 'Alice': 103, 'Charlie': 63, 'Diana': 116, 'Bob': 72}
2025-09-07 16:14:45 | INFO | Sent message to topic 'smoker_csv': {'timestamp': '2025-09-07T21:14:45.802646', 'temperature': 100.4}
2025-09-07 16:14:45 | INFO | Processed JSON message: {'timestamp': '2025-09-07T21:14:45.802646', 'temperature': 100.4}
2025-09-07 16:14:45 | INFO | Rolling window size: 10
2025-09-07 16:14:45 | INFO | Max stall temperature range: 0.2 F
2025-09-07 16:14:46 | INFO | Sent message to topic 'buzzline_json': {'message': 'I love Python!', 'author': 'Diana'}
2025-09-07 16:14:46 | INFO | Processed JSON message: {'message': 'I love Python!', 'author': 'Diana'}
2025-09-07 16:14:46 | INFO | Message received from author: Diana
2025-09-07 16:14:46 | INFO | Updated author counts: {'Eve': 74, 'Alice': 103, 'Charlie': 63, 'Diana': 117, 'Bob': 72}
2025-09-07 16:14:47 | INFO | Sent message to topic 'buzzline_json': {'message': 'Have a great day!', 'author': 'Alice'}
2025-09-07 16:14:47 | INFO | Processed JSON message: {'message': 'Have a great day!', 'author': 'Alice'}
2025-09-07 16:14:47 | INFO | Message received from author: Alice
2025-09-07 16:14:47 | INFO | Updated author counts: {'Eve': 74, 'Alice': 104, 'Charlie': 63, 'Diana': 117, 'Bob': 72}
2025-09-07 16:14:48 | INFO | Sent message to topic 'buzzline_json': {'message': 'Hello, Kafka world!', 'author': 'Charlie'}
2025-09-07 16:14:48 | INFO | Processed JSON message: {'message': 'Hello, Kafka world!', 'author': 'Charlie'}
2025-09-07 16:14:48 | INFO | Message received from author: Charlie
2025-09-07 16:14:48 | INFO | Updated author counts: {'Eve': 74, 'Alice': 104, 'Charlie': 64, 'Diana': 117, 'Bob': 72}
2025-09-07 16:14:49 | INFO | Sent message to topic 'buzzline_json': {'message': 'JSON makes life easier.', 'author': 'Diana'}
2025-09-07 16:14:49 | INFO | Processed JSON message: {'message': 'JSON makes life easier.', 'author': 'Diana'}
2025-09-07 16:14:49 | INFO | Message received from author: Diana
2025-09-07 16:14:49 | INFO | Updated author counts: {'Eve': 74, 'Alice': 104, 'Charlie': 64, 'Diana': 118, 'Bob': 72}
2025-09-07 16:14:50 | INFO | Sent message to topic 'buzzline_json': {'message': 'I love Python!', 'author': 'Bob'}
2025-09-07 16:14:50 | INFO | Processed JSON message: {'message': 'I love Python!', 'author': 'Bob'}
2025-09-07 16:14:50 | INFO | Message received from author: Bob
2025-09-07 16:14:50 | INFO | Updated author counts: {'Eve': 74, 'Alice': 104, 'Charlie': 64, 'Diana': 118, 'Bob': 73}
2025-09-07 16:14:50 | INFO | Sent message to topic 'smoker_csv': {'timestamp': '2025-09-07T21:14:50.803618', 'temperature': 100.8}
2025-09-07 16:14:50 | INFO | Processed JSON message: {'timestamp': '2025-09-07T21:14:50.803618', 'temperature': 100.8}
2025-09-07 16:14:50 | INFO | Rolling window size: 10
2025-09-07 16:14:50 | INFO | Max stall temperature range: 0.2 F
2025-09-07 16:14:51 | INFO | Sent message to topic 'buzzline_json': {'message': 'Have a great day!', 'author': 'Diana'}
2025-09-07 16:14:51 | INFO | Processed JSON message: {'message': 'Have a great day!', 'author': 'Diana'}
2025-09-07 16:14:51 | INFO | Message received from author: Diana
2025-09-07 16:14:51 | INFO | Updated author counts: {'Eve': 74, 'Alice': 104, 'Charlie': 64, 'Diana': 119, 'Bob': 73}
2025-09-07 16:14:52 | INFO | Sent message to topic 'buzzline_json': {'message': 'Hello, Kafka world!', 'author': 'Alice'}
2025-09-07 16:14:52 | INFO | Processed JSON message: {'message': 'Hello, Kafka world!', 'author': 'Alice'}
2025-09-07 16:14:52 | INFO | Message received from author: Alice
2025-09-07 16:14:52 | INFO | Updated author counts: {'Eve': 74, 'Alice': 105, 'Charlie': 64, 'Diana': 119, 'Bob': 73}
2025-09-07 16:14:53 | INFO | Sent message to topic 'buzzline_json': {'message': 'JSON makes life easier.', 'author': 'Alice'}
2025-09-07 16:14:53 | INFO | Processed JSON message: {'message': 'JSON makes life easier.', 'author': 'Alice'}
2025-09-07 16:14:53 | INFO | Message received from author: Alice
2025-09-07 16:14:53 | INFO | Updated author counts: {'Eve': 74, 'Alice': 106, 'Charlie': 64, 'Diana': 119, 'Bob': 73}
2025-09-07 16:14:54 | INFO | Sent message to topic 'buzzline_json': {'message': 'Buzz messages for everyone.', 'author': 'Charlie'}
2025-09-07 16:14:54 | INFO | Processed JSON message: {'message': 'Buzz messages for everyone.', 'author': 'Charlie'}
2025-09-07 16:14:54 | INFO | Message received from author: Charlie
2025-09-07 16:14:54 | INFO | Updated author counts: {'Eve': 74, 'Alice': 106, 'Charlie': 65, 'Diana': 119, 'Bob': 73}
2025-09-07 16:14:55 | INFO | Sent message to topic 'buzzline_json': {'message': 'Buzz messages for everyone.', 'author': 'Bob'}
2025-09-07 16:14:55 | INFO | Processed JSON message: {'message': 'Buzz messages for everyone.', 'author': 'Bob'}
2025-09-07 16:14:55 | INFO | Message received from author: Bob
2025-09-07 16:14:55 | INFO | Updated author counts: {'Eve': 74, 'Alice': 106, 'Charlie': 65, 'Diana': 119, 'Bob': 74}
2025-09-07 16:14:55 | INFO | Sent message to topic 'smoker_csv': {'timestamp': '2025-09-07T21:14:55.804601', 'temperature': 101.2}
2025-09-07 16:14:55 | INFO | Processed JSON message: {'timestamp': '2025-09-07T21:14:55.804601', 'temperature': 101.2}
2025-09-07 16:14:55 | INFO | Rolling window size: 10
2025-09-07 16:14:55 | INFO | Max stall temperature range: 0.2 F
2025-09-07 16:14:56 | INFO | Sent message to topic 'buzzline_json': {'message': 'Streaming data is fun.', 'author': 'Diana'}
2025-09-07 16:14:56 | INFO | Processed JSON message: {'message': 'Streaming data is fun.', 'author': 'Diana'}
2025-09-07 16:14:56 | INFO | Message received from author: Diana
2025-09-07 16:14:56 | INFO | Updated author counts: {'Eve': 74, 'Alice': 106, 'Charlie': 65, 'Diana': 120, 'Bob': 74}
2025-09-07 16:14:57 | INFO | Sent message to topic 'buzzline_json': {'message': 'Have a great day!', 'author': 'Diana'}
2025-09-07 16:14:57 | INFO | Processed JSON message: {'message': 'Have a great day!', 'author': 'Diana'}
2025-09-07 16:14:57 | INFO | Message received from author: Diana
2025-09-07 16:14:57 | INFO | Updated author counts: {'Eve': 74, 'Alice': 106, 'Charlie': 65, 'Diana': 121, 'Bob': 74}
2025-09-07 16:14:58 | INFO | Sent message to topic 'buzzline_json': {'message': 'I love Python!', 'author': 'Alice'}
2025-09-07 16:14:58 | INFO | Processed JSON message: {'message': 'I love Python!', 'author': 'Alice'}
2025-09-07 16:14:58 | INFO | Message received from author: Alice
2025-09-07 16:14:58 | INFO | Updated author counts: {'Eve': 74, 'Alice': 107, 'Charlie': 65, 'Diana': 121, 'Bob': 74}
2025-09-07 16:14:59 | INFO | Sent message to topic 'buzzline_json': {'message': 'Streaming data is fun.', 'author': 'Charlie'}
2025-09-07 16:14:59 | INFO | Processed JSON message: {'message': 'Streaming data is fun.', 'author': 'Charlie'}
2025-09-07 16:14:59 | INFO | Message received from author: Charlie
2025-09-07 16:14:59 | INFO | Updated author counts: {'Eve': 74, 'Alice': 107, 'Charlie': 66, 'Diana': 121, 'Bob': 74}
2025-09-07 16:15:00 | INFO | Sent message to topic 'buzzline_json': {'message': 'Kafka is awesome.', 'author': 'Alice'}
2025-09-07 16:15:00 | INFO | Processed JSON message: {'message': 'Kafka is awesome.', 'author': 'Alice'}
2025-09-07 16:15:00 | INFO | Message received from author: Alice
2025-09-07 16:15:00 | INFO | Updated author counts: {'Eve': 74, 'Alice': 108, 'Charlie': 66, 'Diana': 121, 'Bob': 74}
2025-09-07 16:15:00 | INFO | Sent message to topic 'smoker_csv': {'timestamp': '2025-09-07T21:15:00.805543', 'temperature': 101.6}
2025-09-07 16:15:00 | INFO | Processed JSON message: {'timestamp': '2025-09-07T21:15:00.805543', 'temperature': 101.6}
2025-09-07 16:15:00 | INFO | Rolling window size: 10
2025-09-07 16:15:00 | INFO | Max stall temperature range: 0.2 F
2025-09-07 16:15:01 | INFO | Sent message to topic 'buzzline_json': {'message': 'Kafka is awesome.', 'author': 'Diana'}
2025-09-07 16:15:01 | INFO | Processed JSON message: {'message': 'Kafka is awesome.', 'author': 'Diana'}
2025-09-07 16:15:01 | INFO | Message received from author: Diana
2025-09-07 16:15:01 | INFO | Updated author counts: {'Eve': 74, 'Alice': 108, 'Charlie': 66, 'Diana': 122, 'Bob': 74}
2025-09-07 16:15:02 | INFO | Sent message to topic 'buzzline_json': {'message': 'Kafka is awesome.', 'author': 'Alice'}
2025-09-07 16:15:02 | INFO | Processed JSON message: {'message': 'Kafka is awesome.', 'author': 'Alice'}
2025-09-07 16:15:02 | INFO | Message received from author: Alice
2025-09-07 16:15:02 | INFO | Updated author counts: {'Eve': 74, 'Alice': 109, 'Charlie': 66, 'Diana': 122, 'Bob': 74}
2025-09-07 16:15:03 | INFO | Sent message to topic 'buzzline_json': {'message': 'JSON makes life easier.', 'author': 'Bob'}
2025-09-07 16:15:03 | INFO | Processed JSON message: {'message': 'JSON makes life easier.', 'author': 'Bob'}
2025-09-07 16:15:03 | INFO | Message received from author: Bob
2025-09-07 16:15:03 | INFO | Updated author counts: {'Eve': 74, 'Alice': 109, 'Charlie': 66, 'Diana': 122, 'Bob': 75}
2025-09-07 16:15:04 | INFO | Sent message to topic 'buzzline_json': {'message': 'This is a buzz message.', 'author': 'Bob'}
2025-09-07 16:15:04 | INFO | Processed JSON message: {'message': 'This is a buzz message.', 'author': 'Bob'}
2025-09-07 16:15:04 | INFO | Message received from author: Bob
2025-09-07 16:15:04 | INFO | Updated author counts: {'Eve': 74, 'Alice': 109, 'Charlie': 66, 'Diana': 122, 'Bob': 76}
2025-09-07 16:15:05 | INFO | Sent message to topic 'buzzline_json': {'message': 'Streaming data is fun.', 'author': 'Diana'}
2025-09-07 16:15:05 | INFO | Processed JSON message: {'message': 'Streaming data is fun.', 'author': 'Diana'}
2025-09-07 16:15:05 | INFO | Message received from author: Diana
2025-09-07 16:15:05 | INFO | Updated author counts: {'Eve': 74, 'Alice': 109, 'Charlie': 66, 'Diana': 123, 'Bob': 76}
2025-09-07 16:15:05 | INFO | Sent message to topic 'smoker_csv': {'timestamp': '2025-09-07T21:15:05.807132', 'temperature': 102.0}
2025-09-07 16:15:05 | INFO | Processed JSON message: {'timestamp': '2025-09-07T21:15:05.807132', 'temperature': 102.0}
2025-09-07 16:15:05 | INFO | Rolling window size: 10
2025-09-07 16:15:05 | INFO | Max stall temperature range: 0.2 F
2025-09-07 16:15:06 | INFO | Sent message to topic 'buzzline_json': {'message': 'Have a great day!', 'author': 'Bob'}
2025-09-07 16:15:06 | INFO | Processed JSON message: {'message': 'Have a great day!', 'author': 'Bob'}
2025-09-07 16:15:06 | INFO | Message received from author: Bob
2025-09-07 16:15:06 | INFO | Updated author counts: {'Eve': 74, 'Alice': 109, 'Charlie': 66, 'Diana': 123, 'Bob': 77}
2025-09-07 16:15:07 | INFO | Sent message to topic 'buzzline_json': {'message': 'This is a buzz message.', 'author': 'Eve'}
2025-09-07 16:15:07 | INFO | Processed JSON message: {'message': 'This is a buzz message.', 'author': 'Eve'}
2025-09-07 16:15:07 | INFO | Message received from author: Eve
2025-09-07 16:15:07 | INFO | Updated author counts: {'Eve': 75, 'Alice': 109, 'Charlie': 66, 'Diana': 123, 'Bob': 77}
2025-09-07 16:15:08 | INFO | Sent message to topic 'buzzline_json': {'message': 'Hello, Kafka world!', 'author': 'Bob'}
2025-09-07 16:15:08 | INFO | Processed JSON message: {'message': 'Hello, Kafka world!', 'author': 'Bob'}
2025-09-07 16:15:08 | INFO | Message received from author: Bob
2025-09-07 16:15:08 | INFO | Updated author counts: {'Eve': 75, 'Alice': 109, 'Charlie': 66, 'Diana': 123, 'Bob': 78}
2025-09-07 16:15:09 | INFO | Sent message to topic 'buzzline_json': {'message': 'This is a buzz message.', 'author': 'Alice'}
2025-09-07 16:15:09 | INFO | Processed JSON message: {'message': 'This is a buzz message.', 'author': 'Alice'}
2025-09-07 16:15:09 | INFO | Message received from author: Alice
2025-09-07 16:15:09 | INFO | Updated author counts: {'Eve': 75, 'Alice': 110, 'Charlie': 66, 'Diana': 123, 'Bob': 78}
2025-09-07 16:15:10 | INFO | Sent message to topic 'buzzline_json': {'message': 'Streaming data is fun.', 'author': 'Eve'}
2025-09-07 16:15:10 | INFO | Processed JSON message: {'message': 'Streaming data is fun.', 'author': 'Eve'}
2025-09-07 16:15:10 | INFO | Message received from author: Eve
2025-09-07 16:15:10 | INFO | Updated author counts: {'Eve': 76, 'Alice': 110, 'Charlie': 66, 'Diana': 123, 'Bob': 78}
2025-09-07 16:15:10 | INFO | Sent message to topic 'smoker_csv': {'timestamp': '2025-09-07T21:15:10.808342', 'temperature': 102.4}
2025-09-07 16:15:10 | INFO | Processed JSON message: {'timestamp': '2025-09-07T21:15:10.808342', 'temperature': 102.4}
2025-09-07 16:15:10 | INFO | Rolling window size: 10
2025-09-07 16:15:10 | INFO | Max stall temperature range: 0.2 F
2025-09-07 16:15:11 | INFO | Sent message to topic 'buzzline_json': {'message': 'Kafka is awesome.', 'author': 'Alice'}
2025-09-07 16:15:11 | INFO | Processed JSON message: {'message': 'Kafka is awesome.', 'author': 'Alice'}
2025-09-07 16:15:11 | INFO | Message received from author: Alice
2025-09-07 16:15:11 | INFO | Updated author counts: {'Eve': 76, 'Alice': 111, 'Charlie': 66, 'Diana': 123, 'Bob': 78}
2025-09-07 16:15:12 | INFO | Sent message to topic 'buzzline_json': {'message': 'JSON makes life easier.', 'author': 'Bob'}
2025-09-07 16:15:12 | INFO | Processed JSON message: {'message': 'JSON makes life easier.', 'author': 'Bob'}
2025-09-07 16:15:12 | INFO | Message received from author: Bob
2025-09-07 16:15:12 | INFO | Updated author counts: {'Eve': 76, 'Alice': 111, 'Charlie': 66, 'Diana': 123, 'Bob': 79}
2025-09-07 16:15:13 | INFO | Sent message to topic 'buzzline_json': {'message': 'This is a buzz message.', 'author': 'Charlie'}
2025-09-07 16:15:13 | INFO | Processed JSON message: {'message': 'This is a buzz message.', 'author': 'Charlie'}
2025-09-07 16:15:13 | INFO | Message received from author: Charlie
2025-09-07 16:15:13 | INFO | Updated author counts: {'Eve': 76, 'Alice': 111, 'Charlie': 67, 'Diana': 123, 'Bob': 79}
2025-09-07 16:15:14 | INFO | Sent message to topic 'buzzline_json': {'message': 'Have a great day!', 'author': 'Diana'}
2025-09-07 16:15:14 | INFO | Processed JSON message: {'message': 'Have a great day!', 'author': 'Diana'}
2025-09-07 16:15:14 | INFO | Message received from author: Diana
2025-09-07 16:15:14 | INFO | Updated author counts: {'Eve': 76, 'Alice': 111, 'Charlie': 67, 'Diana': 124, 'Bob': 79}
2025-09-07 16:15:15 | INFO | Sent message to topic 'buzzline_json': {'message': 'Distributed systems are fascinating.', 'author': 'Bob'}
2025-09-07 16:15:15 | INFO | Processed JSON message: {'message': 'Distributed systems are fascinating.', 'author': 'Bob'}
2025-09-07 16:15:15 | INFO | Message received from author: Bob
2025-09-07 16:15:15 | INFO | Updated author counts: {'Eve': 76, 'Alice': 111, 'Charlie': 67, 'Diana': 124, 'Bob': 80}
2025-09-07 16:15:15 | INFO | Sent message to topic 'smoker_csv': {'timestamp': '2025-09-07T21:15:15.809481', 'temperature': 102.8}
2025-09-07 16:15:15 | INFO | Processed JSON message: {'timestamp': '2025-09-07T21:15:15.809481', 'temperature': 102.8}
2025-09-07 16:15:15 | INFO | Rolling window size: 10
2025-09-07 16:15:15 | INFO | Max stall temperature range: 0.2 F
2025-09-07 16:15:16 | INFO | Sent message to topic 'buzzline_json': {'message': 'Kafka is awesome.', 'author': 'Alice'}
2025-09-07 16:15:16 | INFO | Processed JSON message: {'message': 'Kafka is awesome.', 'author': 'Alice'}
2025-09-07 16:15:16 | INFO | Message received from author: Alice
2025-09-07 16:15:16 | INFO | Updated author counts: {'Eve': 76, 'Alice': 112, 'Charlie': 67, 'Diana': 124, 'Bob': 80}
2025-09-07 16:15:17 | INFO | Sent message to topic 'buzzline_json': {'message': 'Streaming data is fun.', 'author': 'Alice'}
2025-09-07 16:15:17 | INFO | Processed JSON message: {'message': 'Streaming data is fun.', 'author': 'Alice'}
2025-09-07 16:15:17 | INFO | Message received from author: Alice
2025-09-07 16:15:17 | INFO | Updated author counts: {'Eve': 76, 'Alice': 113, 'Charlie': 67, 'Diana': 124, 'Bob': 80}
2025-09-07 16:15:18 | INFO | Sent message to topic 'buzzline_json': {'message': 'Have a great day!', 'author': 'Diana'}
2025-09-07 16:15:18 | INFO | Processed JSON message: {'message': 'Have a great day!', 'author': 'Diana'}
2025-09-07 16:15:18 | INFO | Message received from author: Diana
2025-09-07 16:15:18 | INFO | Updated author counts: {'Eve': 76, 'Alice': 113, 'Charlie': 67, 'Diana': 125, 'Bob': 80}
2025-09-07 16:15:19 | INFO | Sent message to topic 'buzzline_json': {'message': 'Streaming data is fun.', 'author': 'Alice'}
2025-09-07 16:15:19 | INFO | Processed JSON message: {'message': 'Streaming data is fun.', 'author': 'Alice'}
2025-09-07 16:15:19 | INFO | Message received from author: Alice
2025-09-07 16:15:19 | INFO | Updated author counts: {'Eve': 76, 'Alice': 114, 'Charlie': 67, 'Diana': 125, 'Bob': 80}
2025-09-07 16:15:20 | INFO | Sent message to topic 'buzzline_json': {'message': 'This is a buzz message.', 'author': 'Diana'}
2025-09-07 16:15:20 | INFO | Processed JSON message: {'message': 'This is a buzz message.', 'author': 'Diana'}
2025-09-07 16:15:20 | INFO | Message received from author: Diana
2025-09-07 16:15:20 | INFO | Updated author counts: {'Eve': 76, 'Alice': 114, 'Charlie': 67, 'Diana': 126, 'Bob': 80}
2025-09-07 16:15:20 | INFO | Sent message to topic 'smoker_csv': {'timestamp': '2025-09-07T21:15:20.810560', 'temperature': 103.2}
2025-09-07 16:15:20 | INFO | Processed JSON message: {'timestamp': '2025-09-07T21:15:20.810560', 'temperature': 103.2}
2025-09-07 16:15:20 | INFO | Rolling window size: 10
2025-09-07 16:15:20 | INFO | Max stall temperature range: 0.2 F
2025-09-07 16:15:21 | INFO | Sent message to topic 'buzzline_json': {'message': 'Data engineering is my passion.', 'author': 'Bob'}
2025-09-07 16:15:21 | INFO | Processed JSON message: {'message': 'Data engineering is my passion.', 'author': 'Bob'}
2025-09-07 16:15:21 | INFO | Message received from author: Bob
2025-09-07 16:15:21 | INFO | Updated author counts: {'Eve': 76, 'Alice': 114, 'Charlie': 67, 'Diana': 126, 'Bob': 81}
2025-09-07 16:15:22 | INFO | Sent message to topic 'buzzline_json': {'message': 'Have a great day!', 'author': 'Diana'}
2025-09-07 16:15:22 | INFO | Processed JSON message: {'message': 'Have a great day!', 'author': 'Diana'}
2025-09-07 16:15:22 | INFO | Message received from author: Diana
2025-09-07 16:15:22 | INFO | Updated author counts: {'Eve': 76, 'Alice': 114, 'Charlie': 67, 'Diana': 127, 'Bob': 81}
2025-09-07 16:15:23 | INFO | Sent message to topic 'buzzline_json': {'message': 'Kafka is awesome.', 'author': 'Alice'}
2025-09-07 16:15:23 | INFO | Processed JSON message: {'message': 'Kafka is awesome.', 'author': 'Alice'}
2025-09-07 16:15:23 | INFO | Message received from author: Alice
2025-09-07 16:15:23 | INFO | Updated author counts: {'Eve': 76, 'Alice': 115, 'Charlie': 67, 'Diana': 127, 'Bob': 81}
2025-09-07 16:15:24 | INFO | Sent message to topic 'buzzline_json': {'message': 'Kafka is awesome.', 'author': 'Eve'}
2025-09-07 16:15:24 | INFO | Processed JSON message: {'message': 'Kafka is awesome.', 'author': 'Eve'}
2025-09-07 16:15:24 | INFO | Message received from author: Eve
2025-09-07 16:15:24 | INFO | Updated author counts: {'Eve': 77, 'Alice': 115, 'Charlie': 67, 'Diana': 127, 'Bob': 81}
2025-09-07 16:15:25 | INFO | Sent message to topic 'buzzline_json': {'message': 'Have a great day!', 'author': 'Diana'}
2025-09-07 16:15:25 | INFO | Processed JSON message: {'message': 'Have a great day!', 'author': 'Diana'}
2025-09-07 16:15:25 | INFO | Message received from author: Diana
2025-09-07 16:15:25 | INFO | Updated author counts: {'Eve': 77, 'Alice': 115, 'Charlie': 67, 'Diana': 128, 'Bob': 81}
2025-09-07 16:15:25 | INFO | Sent message to topic 'smoker_csv': {'timestamp': '2025-09-07T21:15:25.811697', 'temperature': 103.6}
2025-09-07 16:15:25 | INFO | Processed JSON message: {'timestamp': '2025-09-07T21:15:25.811697', 'temperature': 103.6}
2025-09-07 16:15:25 | INFO | Rolling window size: 10
2025-09-07 16:15:25 | INFO | Max stall temperature range: 0.2 F
2025-09-07 16:15:26 | INFO | Sent message to topic 'buzzline_json': {'message': 'Buzz messages for everyone.', 'author': 'Charlie'}
2025-09-07 16:15:26 | INFO | Processed JSON message: {'message': 'Buzz messages for everyone.', 'author': 'Charlie'}
2025-09-07 16:15:26 | INFO | Message received from author: Charlie
2025-09-07 16:15:26 | INFO | Updated author counts: {'Eve': 77, 'Alice': 115, 'Charlie': 68, 'Diana': 128, 'Bob': 81}
2025-09-07 16:15:27 | INFO | Sent message to topic 'buzzline_json': {'message': 'This is a buzz message.', 'author': 'Charlie'}
2025-09-07 16:15:27 | INFO | Processed JSON message: {'message': 'This is a buzz message.', 'author': 'Charlie'}
2025-09-07 16:15:27 | INFO | Message received from author: Charlie
2025-09-07 16:15:27 | INFO | Updated author counts: {'Eve': 77, 'Alice': 115, 'Charlie': 69, 'Diana': 128, 'Bob': 81}
2025-09-07 16:15:28 | INFO | Sent message to topic 'buzzline_json': {'message': 'Streaming data is fun.', 'author': 'Alice'}
2025-09-07 16:15:28 | INFO | Processed JSON message: {'message': 'Streaming data is fun.', 'author': 'Alice'}
2025-09-07 16:15:28 | INFO | Message received from author: Alice
2025-09-07 16:15:28 | INFO | Updated author counts: {'Eve': 77, 'Alice': 116, 'Charlie': 69, 'Diana': 128, 'Bob': 81}
2025-09-07 16:15:29 | INFO | Sent message to topic 'buzzline_json': {'message': 'Hello, Kafka world!', 'author': 'Diana'}
2025-09-07 16:15:29 | INFO | Processed JSON message: {'message': 'Hello, Kafka world!', 'author': 'Diana'}
2025-09-07 16:15:29 | INFO | Message received from author: Diana
2025-09-07 16:15:29 | INFO | Updated author counts: {'Eve': 77, 'Alice': 116, 'Charlie': 69, 'Diana': 129, 'Bob': 81}
2025-09-07 16:15:30 | INFO | Sent message to topic 'buzzline_json': {'message': 'Kafka is awesome.', 'author': 'Bob'}
2025-09-07 16:15:30 | INFO | Processed JSON message: {'message': 'Kafka is awesome.', 'author': 'Bob'}
2025-09-07 16:15:30 | INFO | Message received from author: Bob
2025-09-07 16:15:30 | INFO | Updated author counts: {'Eve': 77, 'Alice': 116, 'Charlie': 69, 'Diana': 129, 'Bob': 82}
2025-09-07 16:15:30 | INFO | Sent message to topic 'smoker_csv': {'timestamp': '2025-09-07T21:15:30.812837', 'temperature': 104.0}
2025-09-07 16:15:30 | INFO | Processed JSON message: {'timestamp': '2025-09-07T21:15:30.812837', 'temperature': 104.0}
2025-09-07 16:15:30 | INFO | Rolling window size: 10
2025-09-07 16:15:30 | INFO | Max stall temperature range: 0.2 F
2025-09-07 16:15:31 | INFO | Sent message to topic 'buzzline_json': {'message': 'I love Python!', 'author': 'Eve'}
