2025-09-12 17:53:26 | INFO | === Eevee Evolution Leaderboard (rolling) ===
2025-09-12 17:53:26 | INFO | Overall: total=57  success=3 (5.3%)  fail=54 (94.7%)
2025-09-12 17:53:26 | INFO | Most successful:  Vaporeon  (successes=1, attempts=8, rate=12.5%)
2025-09-12 17:53:26 | INFO | Least successful: Glaceon  (successes=0, attempts=5, rate=0.0%)
2025-09-12 17:53:26 | INFO | Top 5 by successes:
2025-09-12 17:53:26 | INFO | 
- Vaporeon   attempts=8     successes=1     rate= 12.5%
- Umbreon    attempts=7     successes=1     rate= 14.3%
- Jolteon    attempts=5     successes=1     rate= 20.0%
- Leafeon    attempts=11    successes=0     rate=  0.0%
- Flareon    attempts=8     successes=0     rate=  0.0%
2025-09-12 17:53:27 | INFO | sent: {'event': 'evolution_attempt', 'species': 'Eevee', 'chosen_evolution': 'Leafeon', 'chosen_action': 'Leveled at night with high friendship', 'is_valid': False, 'message': 'Eevee tilts its head curiously.', 'author': 'Eevee Engine', 'ts': '2025-09-12T22:53:27+00:00', 'event_id': 58}
2025-09-12 17:53:28 | INFO | sent: {'event': 'evolution_attempt', 'species': 'Eevee', 'chosen_evolution': 'Sylveon', 'chosen_action': 'Leveled with an Ice Stone', 'is_valid': False, 'message': 'Eevee tilts its head curiously.', 'author': 'Eevee Engine', 'ts': '2025-09-12T22:53:28+00:00', 'event_id': 59}
2025-09-12 17:53:29 | INFO | sent: {'event': 'evolution_attempt', 'species': 'Eevee', 'chosen_evolution': 'Flareon', 'chosen_action': 'Took a nap', 'is_valid': False, 'message': 'Eevee chases its tail.', 'author': 'Eevee Engine', 'ts': '2025-09-12T22:53:29+00:00', 'event_id': 60}
2025-09-12 17:53:30 | INFO | sent: {'event': 'evolution_attempt', 'species': 'Eevee', 'chosen_evolution': 'Flareon', 'chosen_action': 'Leveled with a Water Stone', 'is_valid': False, 'message': 'Eevee is smelling a flower.', 'author': 'Eevee Engine', 'ts': '2025-09-12T22:53:30+00:00', 'event_id': 61}
2025-09-12 17:53:31 | INFO | sent: {'event': 'evolution_attempt', 'species': 'Eevee', 'chosen_evolution': 'Espeon', 'chosen_action': 'Leveled with a Fire Stone', 'is_valid': False, 'message': 'Eevee tilts its head curiously.', 'author': 'Eevee Engine', 'ts': '2025-09-12T22:53:31+00:00', 'event_id': 62}
2025-09-12 17:53:32 | INFO | sent: {'event': 'evolution_attempt', 'species': 'Eevee', 'chosen_evolution': 'Glaceon', 'chosen_action': 'Ate a berry', 'is_valid': False, 'message': 'Eevee chases its tail.', 'author': 'Eevee Engine', 'ts': '2025-09-12T22:53:32+00:00', 'event_id': 63}
2025-09-12 17:53:33 | INFO | sent: {'event': 'evolution_attempt', 'species': 'Eevee', 'chosen_evolution': 'Leafeon', 'chosen_action': 'Practiced Quick Attack', 'is_valid': False, 'message': 'Eevee chases its tail.', 'author': 'Eevee Engine', 'ts': '2025-09-12T22:53:33+00:00', 'event_id': 64}
2025-09-12 17:53:34 | INFO | sent: {'event': 'evolution_attempt', 'species': 'Eevee', 'chosen_evolution': 'Espeon', 'chosen_action': 'Leveled during day with high friendship', 'is_valid': True, 'message': 'Your Eevee is evolving into Espeon!', 'author': 'Eevee Engine', 'ts': '2025-09-12T22:53:34+00:00', 'event_id': 65}
2025-09-12 17:53:35 | INFO | sent: {'event': 'evolution_attempt', 'species': 'Eevee', 'chosen_evolution': 'Flareon', 'chosen_action': 'Practiced Quick Attack', 'is_valid': False, 'message': 'Eevee does nothing.', 'author': 'Eevee Engine', 'ts': '2025-09-12T22:53:35+00:00', 'event_id': 66}
2025-09-12 17:53:36 | INFO | sent: {'event': 'evolution_attempt', 'species': 'Eevee', 'chosen_evolution': 'Glaceon', 'chosen_action': 'Leveled at night with high friendship', 'is_valid': False, 'message': 'Eevee does nothing.', 'author': 'Eevee Engine', 'ts': '2025-09-12T22:53:36+00:00', 'event_id': 67}
2025-09-12 17:53:37 | INFO | sent: {'event': 'evolution_attempt', 'species': 'Eevee', 'chosen_evolution': 'Sylveon', 'chosen_action': 'Leveled with Baby Doll TM with high friendship', 'is_valid': True, 'message': 'Your Eevee is evolving into Sylveon!', 'author': 'Eevee Engine', 'ts': '2025-09-12T22:53:37+00:00', 'event_id': 68}
2025-09-12 17:53:38 | INFO | sent: {'event': 'evolution_attempt', 'species': 'Eevee', 'chosen_evolution': 'Espeon', 'chosen_action': 'Ate a berry', 'is_valid': False, 'message': 'Eevee tilts its head curiously.', 'author': 'Eevee Engine', 'ts': '2025-09-12T22:53:38+00:00', 'event_id': 69}
2025-09-12 17:53:39 | INFO | sent: {'event': 'evolution_attempt', 'species': 'Eevee', 'chosen_evolution': 'Jolteon', 'chosen_action': 'Went for a walk', 'is_valid': False, 'message': 'Eevee is bored.', 'author': 'Eevee Engine', 'ts': '2025-09-12T22:53:39+00:00', 'event_id': 70}
2025-09-12 17:53:40 | INFO | sent: {'event': 'evolution_attempt', 'species': 'Eevee', 'chosen_evolution': 'Jolteon', 'chosen_action': 'Went for a walk', 'is_valid': False, 'message': 'Eevee tilts its head curiously.', 'author': 'Eevee Engine', 'ts': '2025-09-12T22:53:40+00:00', 'event_id': 71}
2025-09-12 17:53:41 | INFO | sent: {'event': 'evolution_attempt', 'species': 'Eevee', 'chosen_evolution': 'Vaporeon', 'chosen_action': 'Took a nap', 'is_valid': False, 'message': 'Eevee is bored.', 'author': 'Eevee Engine', 'ts': '2025-09-12T22:53:41+00:00', 'event_id': 72}
2025-09-12 17:53:41 | INFO | === Eevee Evolution Leaderboard (rolling) ===
2025-09-12 17:53:41 | INFO | Overall: total=73  success=5 (6.8%)  fail=68 (93.2%)
2025-09-12 17:53:41 | INFO | Most successful:  Vaporeon  (successes=1, attempts=10, rate=10.0%)
2025-09-12 17:53:41 | INFO | Least successful: Glaceon  (successes=0, attempts=7, rate=0.0%)
2025-09-12 17:53:41 | INFO | Top 5 by successes:
2025-09-12 17:53:41 | INFO | 
- Vaporeon   attempts=10    successes=1     rate= 10.0%
- Espeon     attempts=9     successes=1     rate= 11.1%
- Sylveon    attempts=9     successes=1     rate= 11.1%
- Umbreon    attempts=7     successes=1     rate= 14.3%
- Jolteon    attempts=7     successes=1     rate= 14.3%
2025-09-12 17:53:42 | INFO | sent: {'event': 'evolution_attempt', 'species': 'Eevee', 'chosen_evolution': 'Jolteon', 'chosen_action': 'Leveled with a Water Stone', 'is_valid': False, 'message': 'Eevee is bored.', 'author': 'Eevee Engine', 'ts': '2025-09-12T22:53:42+00:00', 'event_id': 73}
2025-09-12 17:53:43 | INFO | sent: {'event': 'evolution_attempt', 'species': 'Eevee', 'chosen_evolution': 'Glaceon', 'chosen_action': 'Took a nap', 'is_valid': False, 'message': 'Eevee does nothing.', 'author': 'Eevee Engine', 'ts': '2025-09-12T22:53:43+00:00', 'event_id': 74}
2025-09-12 17:53:44 | INFO | sent: {'event': 'evolution_attempt', 'species': 'Eevee', 'chosen_evolution': 'Leafeon', 'chosen_action': 'Leveled with an Ice Stone', 'is_valid': False, 'message': 'Eevee is bored.', 'author': 'Eevee Engine', 'ts': '2025-09-12T22:53:44+00:00', 'event_id': 75}
2025-09-12 17:53:45 | INFO | sent: {'event': 'evolution_attempt', 'species': 'Eevee', 'chosen_evolution': 'Flareon', 'chosen_action': 'Leveled during day with high friendship', 'is_valid': False, 'message': 'Eevee chases its tail.', 'author': 'Eevee Engine', 'ts': '2025-09-12T22:53:45+00:00', 'event_id': 76}
2025-09-12 17:53:46 | INFO | sent: {'event': 'evolution_attempt', 'species': 'Eevee', 'chosen_evolution': 'Umbreon', 'chosen_action': 'Leveled with a Thunder Stone', 'is_valid': False, 'message': 'Eevee is smelling a flower.', 'author': 'Eevee Engine', 'ts': '2025-09-12T22:53:46+00:00', 'event_id': 77}
2025-09-12 17:53:47 | INFO | sent: {'event': 'evolution_attempt', 'species': 'Eevee', 'chosen_evolution': 'Leafeon', 'chosen_action': 'Took a nap', 'is_valid': False, 'message': 'Eevee tilts its head curiously.', 'author': 'Eevee Engine', 'ts': '2025-09-12T22:53:47+00:00', 'event_id': 78}
2025-09-12 17:53:48 | INFO | sent: {'event': 'evolution_attempt', 'species': 'Eevee', 'chosen_evolution': 'Jolteon', 'chosen_action': 'Leveled at night with high friendship', 'is_valid': False, 'message': 'Eevee tilts its head curiously.', 'author': 'Eevee Engine', 'ts': '2025-09-12T22:53:48+00:00', 'event_id': 79}
2025-09-12 17:53:49 | INFO | sent: {'event': 'evolution_attempt', 'species': 'Eevee', 'chosen_evolution': 'Glaceon', 'chosen_action': 'Leveled at night with high friendship', 'is_valid': False, 'message': 'Eevee is smelling a flower.', 'author': 'Eevee Engine', 'ts': '2025-09-12T22:53:49+00:00', 'event_id': 80}
2025-09-12 17:53:50 | INFO | sent: {'event': 'evolution_attempt', 'species': 'Eevee', 'chosen_evolution': 'Umbreon', 'chosen_action': 'Leveled with a Water Stone', 'is_valid': False, 'message': 'Eevee is smelling a flower.', 'author': 'Eevee Engine', 'ts': '2025-09-12T22:53:50+00:00', 'event_id': 81}
2025-09-12 17:53:51 | INFO | sent: {'event': 'evolution_attempt', 'species': 'Eevee', 'chosen_evolution': 'Vaporeon', 'chosen_action': 'Took a nap', 'is_valid': False, 'message': 'Eevee tilts its head curiously.', 'author': 'Eevee Engine', 'ts': '2025-09-12T22:53:51+00:00', 'event_id': 82}
2025-09-12 17:53:52 | INFO | sent: {'event': 'evolution_attempt', 'species': 'Eevee', 'chosen_evolution': 'Flareon', 'chosen_action': 'Leveled with Baby Doll TM with high friendship', 'is_valid': False, 'message': 'Eevee is bored.', 'author': 'Eevee Engine', 'ts': '2025-09-12T22:53:52+00:00', 'event_id': 83}
2025-09-12 17:53:53 | INFO | sent: {'event': 'evolution_attempt', 'species': 'Eevee', 'chosen_evolution': 'Sylveon', 'chosen_action': 'Ate a berry', 'is_valid': False, 'message': 'Eevee tilts its head curiously.', 'author': 'Eevee Engine', 'ts': '2025-09-12T22:53:53+00:00', 'event_id': 84}
2025-09-12 17:53:54 | INFO | sent: {'event': 'evolution_attempt', 'species': 'Eevee', 'chosen_evolution': 'Leafeon', 'chosen_action': 'Took a nap', 'is_valid': False, 'message': 'Eevee does nothing.', 'author': 'Eevee Engine', 'ts': '2025-09-12T22:53:54+00:00', 'event_id': 85}
2025-09-12 17:53:55 | INFO | sent: {'event': 'evolution_attempt', 'species': 'Eevee', 'chosen_evolution': 'Leafeon', 'chosen_action': 'Leveled with a Thunder Stone', 'is_valid': False, 'message': 'Eevee is bored.', 'author': 'Eevee Engine', 'ts': '2025-09-12T22:53:55+00:00', 'event_id': 86}
2025-09-12 17:53:56 | INFO | sent: {'event': 'evolution_attempt', 'species': 'Eevee', 'chosen_evolution': 'Flareon', 'chosen_action': 'Leveled with Baby Doll TM with high friendship', 'is_valid': False, 'message': 'Eevee tilts its head curiously.', 'author': 'Eevee Engine', 'ts': '2025-09-12T22:53:56+00:00', 'event_id': 87}
2025-09-12 17:53:56 | INFO | === Eevee Evolution Leaderboard (rolling) ===
2025-09-12 17:53:56 | INFO | Overall: total=87  success=5 (5.7%)  fail=82 (94.3%)
2025-09-12 17:53:56 | INFO | Most successful:  Vaporeon  (successes=1, attempts=11, rate=9.1%)
2025-09-12 17:53:56 | INFO | Least successful: Glaceon  (successes=0, attempts=9, rate=0.0%)
2025-09-12 17:53:56 | INFO | Top 5 by successes:
2025-09-12 17:53:56 | INFO | 
- Vaporeon   attempts=11    successes=1     rate=  9.1%
- Sylveon    attempts=10    successes=1     rate= 10.0%
- Espeon     attempts=9     successes=1     rate= 11.1%
- Umbreon    attempts=9     successes=1     rate= 11.1%
- Jolteon    attempts=9     successes=1     rate= 11.1%
2025-09-12 17:53:57 | INFO | sent: {'event': 'evolution_attempt', 'species': 'Eevee', 'chosen_evolution': 'Espeon', 'chosen_action': 'Leveled at night with high friendship', 'is_valid': False, 'message': 'Eevee tilts its head curiously.', 'author': 'Eevee Engine', 'ts': '2025-09-12T22:53:57+00:00', 'event_id': 88}
2025-09-12 17:53:58 | INFO | sent: {'event': 'evolution_attempt', 'species': 'Eevee', 'chosen_evolution': 'Espeon', 'chosen_action': 'Went for a walk', 'is_valid': False, 'message': 'Eevee is bored.', 'author': 'Eevee Engine', 'ts': '2025-09-12T22:53:58+00:00', 'event_id': 89}
2025-09-12 17:53:59 | INFO | sent: {'event': 'evolution_attempt', 'species': 'Eevee', 'chosen_evolution': 'Flareon', 'chosen_action': 'Leveled with a Thunder Stone', 'is_valid': False, 'message': 'Eevee chases its tail.', 'author': 'Eevee Engine', 'ts': '2025-09-12T22:53:59+00:00', 'event_id': 90}
2025-09-12 17:54:00 | INFO | sent: {'event': 'evolution_attempt', 'species': 'Eevee', 'chosen_evolution': 'Vaporeon', 'chosen_action': 'Practiced Quick Attack', 'is_valid': False, 'message': 'Eevee does nothing.', 'author': 'Eevee Engine', 'ts': '2025-09-12T22:54:00+00:00', 'event_id': 91}
2025-09-12 17:54:01 | INFO | sent: {'event': 'evolution_attempt', 'species': 'Eevee', 'chosen_evolution': 'Leafeon', 'chosen_action': 'Went for a walk', 'is_valid': False, 'message': 'Eevee tilts its head curiously.', 'author': 'Eevee Engine', 'ts': '2025-09-12T22:54:01+00:00', 'event_id': 92}
2025-09-12 17:54:02 | INFO | sent: {'event': 'evolution_attempt', 'species': 'Eevee', 'chosen_evolution': 'Vaporeon', 'chosen_action': 'Leveled at night with high friendship', 'is_valid': False, 'message': 'Eevee is bored.', 'author': 'Eevee Engine', 'ts': '2025-09-12T22:54:02+00:00', 'event_id': 93}
2025-09-12 17:54:03 | INFO | sent: {'event': 'evolution_attempt', 'species': 'Eevee', 'chosen_evolution': 'Flareon', 'chosen_action': 'Took a nap', 'is_valid': False, 'message': 'Eevee does nothing.', 'author': 'Eevee Engine', 'ts': '2025-09-12T22:54:03+00:00', 'event_id': 94}
2025-09-12 17:54:04 | INFO | sent: {'event': 'evolution_attempt', 'species': 'Eevee', 'chosen_evolution': 'Umbreon', 'chosen_action': 'Leveled with a Thunder Stone', 'is_valid': False, 'message': 'Eevee chases its tail.', 'author': 'Eevee Engine', 'ts': '2025-09-12T22:54:04+00:00', 'event_id': 95}
2025-09-12 17:54:05 | INFO | sent: {'event': 'evolution_attempt', 'species': 'Eevee', 'chosen_evolution': 'Flareon', 'chosen_action': 'Leveled with an Ice Stone', 'is_valid': False, 'message': 'Eevee tilts its head curiously.', 'author': 'Eevee Engine', 'ts': '2025-09-12T22:54:05+00:00', 'event_id': 96}
2025-09-12 17:54:06 | INFO | sent: {'event': 'evolution_attempt', 'species': 'Eevee', 'chosen_evolution': 'Jolteon', 'chosen_action': 'Practiced Quick Attack', 'is_valid': False, 'message': 'Eevee does nothing.', 'author': 'Eevee Engine', 'ts': '2025-09-12T22:54:06+00:00', 'event_id': 97}
2025-09-12 17:54:07 | INFO | sent: {'event': 'evolution_attempt', 'species': 'Eevee', 'chosen_evolution': 'Jolteon', 'chosen_action': 'Leveled with a Fire Stone', 'is_valid': False, 'message': 'Eevee tilts its head curiously.', 'author': 'Eevee Engine', 'ts': '2025-09-12T22:54:07+00:00', 'event_id': 98}
2025-09-12 17:54:08 | INFO | sent: {'event': 'evolution_attempt', 'species': 'Eevee', 'chosen_evolution': 'Flareon', 'chosen_action': 'Took a nap', 'is_valid': False, 'message': 'Eevee tilts its head curiously.', 'author': 'Eevee Engine', 'ts': '2025-09-12T22:54:08+00:00', 'event_id': 99}
2025-09-12 17:54:09 | INFO | sent: {'event': 'evolution_attempt', 'species': 'Eevee', 'chosen_evolution': 'Vaporeon', 'chosen_action': 'Leveled during day with high friendship', 'is_valid': False, 'message': 'Eevee is bored.', 'author': 'Eevee Engine', 'ts': '2025-09-12T22:54:09+00:00', 'event_id': 100}
2025-09-12 17:54:10 | INFO | sent: {'event': 'evolution_attempt', 'species': 'Eevee', 'chosen_evolution': 'Umbreon', 'chosen_action': 'Ate a berry', 'is_valid': False, 'message': 'Eevee is smelling a flower.', 'author': 'Eevee Engine', 'ts': '2025-09-12T22:54:10+00:00', 'event_id': 101}
2025-09-12 17:54:11 | INFO | sent: {'event': 'evolution_attempt', 'species': 'Eevee', 'chosen_evolution': 'Espeon', 'chosen_action': 'Leveled with a Leaf Stone', 'is_valid': False, 'message': 'Eevee tilts its head curiously.', 'author': 'Eevee Engine', 'ts': '2025-09-12T22:54:11+00:00', 'event_id': 102}
2025-09-12 17:54:11 | INFO | === Eevee Evolution Leaderboard (rolling) ===
2025-09-12 17:54:11 | INFO | Overall: total=103  success=5 (4.9%)  fail=98 (95.1%)
2025-09-12 17:54:11 | INFO | Most successful:  Vaporeon  (successes=1, attempts=14, rate=7.1%)
2025-09-12 17:54:11 | INFO | Least successful: Glaceon  (successes=0, attempts=9, rate=0.0%)
2025-09-12 17:54:11 | INFO | Top 5 by successes:
2025-09-12 17:54:11 | INFO | 
- Vaporeon   attempts=14    successes=1     rate=  7.1%
- Espeon     attempts=12    successes=1     rate=  8.3%
- Umbreon    attempts=11    successes=1     rate=  9.1%
- Jolteon    attempts=11    successes=1     rate=  9.1%
- Sylveon    attempts=10    successes=1     rate= 10.0%
2025-09-12 17:54:12 | INFO | sent: {'event': 'evolution_attempt', 'species': 'Eevee', 'chosen_evolution': 'Espeon', 'chosen_action': 'Leveled with a Leaf Stone', 'is_valid': False, 'message': 'Eevee tilts its head curiously.', 'author': 'Eevee Engine', 'ts': '2025-09-12T22:54:12+00:00', 'event_id': 103}
2025-09-12 17:54:13 | INFO | sent: {'event': 'evolution_attempt', 'species': 'Eevee', 'chosen_evolution': 'Vaporeon', 'chosen_action': 'Leveled with a Water Stone', 'is_valid': True, 'message': 'Your Eevee is evolving into Vaporeon!', 'author': 'Eevee Engine', 'ts': '2025-09-12T22:54:13+00:00', 'event_id': 104}
2025-09-12 17:54:14 | INFO | sent: {'event': 'evolution_attempt', 'species': 'Eevee', 'chosen_evolution': 'Espeon', 'chosen_action': 'Leveled with a Water Stone', 'is_valid': False, 'message': 'Eevee tilts its head curiously.', 'author': 'Eevee Engine', 'ts': '2025-09-12T22:54:14+00:00', 'event_id': 105}
2025-09-12 17:54:15 | INFO | sent: {'event': 'evolution_attempt', 'species': 'Eevee', 'chosen_evolution': 'Sylveon', 'chosen_action': 'Took a nap', 'is_valid': False, 'message': 'Eevee is smelling a flower.', 'author': 'Eevee Engine', 'ts': '2025-09-12T22:54:15+00:00', 'event_id': 106}
2025-09-12 17:54:16 | INFO | sent: {'event': 'evolution_attempt', 'species': 'Eevee', 'chosen_evolution': 'Vaporeon', 'chosen_action': 'Leveled with a Thunder Stone', 'is_valid': False, 'message': 'Eevee does nothing.', 'author': 'Eevee Engine', 'ts': '2025-09-12T22:54:16+00:00', 'event_id': 107}
2025-09-12 17:54:17 | INFO | sent: {'event': 'evolution_attempt', 'species': 'Eevee', 'chosen_evolution': 'Vaporeon', 'chosen_action': 'Leveled with an Ice Stone', 'is_valid': False, 'message': 'Eevee does nothing.', 'author': 'Eevee Engine', 'ts': '2025-09-12T22:54:17+00:00', 'event_id': 108}
2025-09-12 17:54:18 | INFO | sent: {'event': 'evolution_attempt', 'species': 'Eevee', 'chosen_evolution': 'Leafeon', 'chosen_action': 'Practiced Quick Attack', 'is_valid': False, 'message': 'Eevee is bored.', 'author': 'Eevee Engine', 'ts': '2025-09-12T22:54:18+00:00', 'event_id': 109}
2025-09-12 17:54:19 | INFO | sent: {'event': 'evolution_attempt', 'species': 'Eevee', 'chosen_evolution': 'Flareon', 'chosen_action': 'Ate a berry', 'is_valid': False, 'message': 'Eevee is smelling a flower.', 'author': 'Eevee Engine', 'ts': '2025-09-12T22:54:19+00:00', 'event_id': 110}
2025-09-12 17:54:20 | INFO | sent: {'event': 'evolution_attempt', 'species': 'Eevee', 'chosen_evolution': 'Leafeon', 'chosen_action': 'Threw a Poké Ball', 'is_valid': False, 'message': 'Eevee is bored.', 'author': 'Eevee Engine', 'ts': '2025-09-12T22:54:20+00:00', 'event_id': 111}
2025-09-12 17:54:21 | INFO | sent: {'event': 'evolution_attempt', 'species': 'Eevee', 'chosen_evolution': 'Vaporeon', 'chosen_action': 'Leveled during day with high friendship', 'is_valid': False, 'message': 'Eevee is smelling a flower.', 'author': 'Eevee Engine', 'ts': '2025-09-12T22:54:21+00:00', 'event_id': 112}
2025-09-12 17:54:22 | INFO | sent: {'event': 'evolution_attempt', 'species': 'Eevee', 'chosen_evolution': 'Flareon', 'chosen_action': 'Threw a Poké Ball', 'is_valid': False, 'message': 'Eevee tilts its head curiously.', 'author': 'Eevee Engine', 'ts': '2025-09-12T22:54:22+00:00', 'event_id': 113}
2025-09-12 17:54:22 | WARNING | Consumer interrupted by user.
2025-09-12 17:54:22 | INFO | Kafka consumer closed.
2025-09-12 17:54:22 | INFO | END Eevee Polars consumer.
2025-09-12 17:54:23 | INFO | sent: {'event': 'evolution_attempt', 'species': 'Eevee', 'chosen_evolution': 'Jolteon', 'chosen_action': 'Leveled with a Fire Stone', 'is_valid': False, 'message': 'Eevee is smelling a flower.', 'author': 'Eevee Engine', 'ts': '2025-09-12T22:54:23+00:00', 'event_id': 114}
2025-09-12 17:54:24 | INFO | sent: {'event': 'evolution_attempt', 'species': 'Eevee', 'chosen_evolution': 'Sylveon', 'chosen_action': 'Leveled with Baby Doll TM with high friendship', 'is_valid': True, 'message': 'Your Eevee is evolving into Sylveon!', 'author': 'Eevee Engine', 'ts': '2025-09-12T22:54:24+00:00', 'event_id': 115}
2025-09-12 17:54:25 | INFO | sent: {'event': 'evolution_attempt', 'species': 'Eevee', 'chosen_evolution': 'Leafeon', 'chosen_action': 'Leveled during day with high friendship', 'is_valid': False, 'message': 'Eevee is smelling a flower.', 'author': 'Eevee Engine', 'ts': '2025-09-12T22:54:25+00:00', 'event_id': 116}
2025-09-12 17:54:26 | INFO | sent: {'event': 'evolution_attempt', 'species': 'Eevee', 'chosen_evolution': 'Espeon', 'chosen_action': 'Leveled with Baby Doll TM with high friendship', 'is_valid': False, 'message': 'Eevee tilts its head curiously.', 'author': 'Eevee Engine', 'ts': '2025-09-12T22:54:26+00:00', 'event_id': 117}
2025-09-12 17:54:27 | INFO | sent: {'event': 'evolution_attempt', 'species': 'Eevee', 'chosen_evolution': 'Flareon', 'chosen_action': 'Leveled with a Leaf Stone', 'is_valid': False, 'message': 'Eevee is bored.', 'author': 'Eevee Engine', 'ts': '2025-09-12T22:54:27+00:00', 'event_id': 118}
2025-09-12 17:54:28 | INFO | sent: {'event': 'evolution_attempt', 'species': 'Eevee', 'chosen_evolution': 'Sylveon', 'chosen_action': 'Leveled with a Fire Stone', 'is_valid': False, 'message': 'Eevee tilts its head curiously.', 'author': 'Eevee Engine', 'ts': '2025-09-12T22:54:28+00:00', 'event_id': 119}
2025-09-12 17:54:29 | INFO | sent: {'event': 'evolution_attempt', 'species': 'Eevee', 'chosen_evolution': 'Leafeon', 'chosen_action': 'Leveled with a Leaf Stone', 'is_valid': True, 'message': 'Your Eevee is evolving into Leafeon!', 'author': 'Eevee Engine', 'ts': '2025-09-12T22:54:29+00:00', 'event_id': 120}
2025-09-12 17:54:30 | WARNING | Producer interrupted by user.
2025-09-12 17:54:30 | INFO | Kafka producer closed.
2025-09-12 17:54:30 | INFO | END Eevee producer (Polars).
